<?xml version="1.0" encoding="UTF-8"?>
<!-- Generated by org.testng.reporters.JUnitReportReporter -->
<testsuite hostname="DESKTOP-N0RAFIJ" failures="0" tests="1" name="testTutorial.Demo4" time="0.008" errors="0" timestamp="07 Aug 2019 06:47:11 GMT" skipped="0">
  <testcase classname="testTutorial.Demo4" name="webLoginHomeLoan" time="0.008"/>
</testsuite> <!-- testTutorial.Demo4 -->
