<?xml version="1.0" encoding="UTF-8"?>
<!-- Generated by org.testng.reporters.JUnitReportReporter -->
<testsuite hostname="DESKTOP-N0RAFIJ" failures="0" tests="3" name="testTutorial.Demo3" time="0.020" errors="0" timestamp="07 Aug 2019 07:04:28 GMT" skipped="0">
  <testcase classname="testTutorial.Demo3" name="APILoginCarloan" time="0.015"/>
  <testcase classname="testTutorial.Demo3" name="webLoginCarLoan" time="0.003"/>
  <testcase classname="testTutorial.Demo3" name="mobileLoginCarloan" time="0.002"/>
</testsuite> <!-- testTutorial.Demo3 -->
