<?xml version="1.0" encoding="UTF-8"?>
<!-- Generated by org.testng.reporters.JUnitReportReporter -->
<testsuite hostname="DESKTOP-N0RAFIJ" failures="0" tests="2" name="testTutorial.Demo1" time="0.020" errors="0" timestamp="06 Aug 2019 09:39:34 GMT" skipped="0">
  <testcase classname="testTutorial.Demo1" name="SecondCase" time="0.003"/>
  <testcase classname="testTutorial.Demo1" name="Case" time="0.017"/>
</testsuite> <!-- testTutorial.Demo1 -->
